Arguments: 
  /Users/niraj/.nvm/versions/node/v14.16.0/bin/node /Users/niraj/.nvm/versions/node/v14.16.0/bin/yarn add --dev solhint-plugin-prettier solhint

PATH: 
  /Users/niraj/.nvm/versions/node/v14.16.0/bin:/usr/local/opt/python@3.7/bin:/usr/local/bin:/Users/niraj/.nvm/versions/node/v16.2.0/bin:/usr/local/bin:/usr/bin:/bin:/usr/sbin:/sbin:/Applications/Postgres.app/Contents/Versions/latest/bin:/usr/local/opt/python@3.7/bin:/Users/niraj/.nvm/versions/node/v16.2.0/bin:/opt/homebrew/bin:/opt/homebrew/sbin:/Users/niraj/.cargo/bin

Yarn version: 
  1.22.11

Node version: 
  14.16.0

Platform: 
  darwin x64

Trace: 
  Error: https://registry.yarnpkg.com/registry-core-js: Not found
      at Request.params.callback [as _callback] (/Users/niraj/.nvm/versions/node/v14.16.0/lib/node_modules/yarn/lib/cli.js:66992:18)
      at Request.self.callback (/Users/niraj/.nvm/versions/node/v14.16.0/lib/node_modules/yarn/lib/cli.js:140763:22)
      at Request.emit (events.js:315:20)
      at Request.<anonymous> (/Users/niraj/.nvm/versions/node/v14.16.0/lib/node_modules/yarn/lib/cli.js:141735:10)
      at Request.emit (events.js:315:20)
      at IncomingMessage.<anonymous> (/Users/niraj/.nvm/versions/node/v14.16.0/lib/node_modules/yarn/lib/cli.js:141657:12)
      at Object.onceWrapper (events.js:421:28)
      at IncomingMessage.emit (events.js:327:22)
      at endReadableNT (internal/streams/readable.js:1327:12)
      at processTicksAndRejections (internal/process/task_queues.js:80:21)

npm manifest: 
  {
    "devDependencies": {
      "@ensdomains/ens-contracts": "^0.0.4",
      "@nomiclabs/hardhat-ethers": "npm:hardhat-deploy-ethers@^0.3.0-beta.10",
      "@nomiclabs/hardhat-etherscan": "^2.1.2",
      "@nomiclabs/hardhat-waffle": "^2.0.1",
      "@openzeppelin/contracts-upgradeable": "4.0.0",
      "@openzeppelin/hardhat-upgrades": "^1.6.0",
      "@openzeppelin/upgrades-core": "^1.5.1",
      "@typechain/ethers-v5": "^7.0.0",
      "@typechain/hardhat": "^2.0.0",
      "@types/chai": "^4.2.18",
      "@types/mocha": "^8.2.2",
      "@types/node": "^15.0.3",
      "@typescript-eslint/eslint-plugin": "^4.16.1",
      "@typescript-eslint/parser": "^4.16.1",
      "chai": "^4.3.4",
      "chai-as-promised": "^7.1.1",
      "dotenv": "^8.2.0",
      "eslint": "^7.21.0",
      "eslint-plugin-prettier": "^3.3.1",
      "ethereum-waffle": "^3.4.0",
      "ethers": "^5.4.6",
      "hardhat": "^2.4.1",
      "hardhat-deploy": "^0.9.0",
      "ipfs-http-client": "^49.0.4",
      "logdown": "^3.3.1",
      "prettier": "^2.2.1",
      "prettier-plugin-solidity": "^1.0.0-beta.4",
      "registry-core-js": "1.0.0",
      "solhint": "^3.3.3",
      "solhint-plugin-prettier": "^0.0.5",
      "solidity-coverage": "^0.7.16",
      "ts-generator": "^0.1.1",
      "ts-node": "^9.1.1",
      "typechain": "^5.0.0",
      "typescript": "^4.2.4"
    },
    "scripts": {
      "typechain": "hardhat typechain",
      "build": "yarn run clean && yarn run compile",
      "clean": "hardhat clean",
      "compile": "hardhat compile",
      "hardhat": "hardhat",
      "test": "hardhat test --show-stack-traces",
      "coverage": "yarn run build && hardhat coverage --temp artifacts --network hardhat",
      "fix": "yarn run fix:contracts && yarn run fix:ts",
      "fix:contracts": "prettier --write ./contracts/**/*.sol",
      "fix:ts": "eslint . --ext .ts --fix",
      "lint": "yarn run lint:contracts && yarn run lint:ts",
      "lint:contracts": "./node_modules/.bin/solhint -f table contracts/**/*.sol",
      "lint:ts": "eslint . --ext .ts"
    },
    "name": "registry",
    "description": "registry",
    "license": "MIT",
    "version": "1.0.0",
    "dependencies": {}
  }

yarn manifest: 
  No manifest

Lockfile: 
  No lockfile
